# JRE version: Java(TM) SE Runtime Environment (17.0.4.1+1) (build 17.0.4.1+1-LTS-2)
# Java VM: Java HotSpot(TM) 64-Bit Server VM (17.0.4.1+1-LTS-2, mixed mode, sharing, tiered, compressed oops, compressed class ptrs, g1 gc, windows-amd64)
GC Precious Log:
 CPUs: 8 total, 8 available
 Memory: 7948M
 Large Page Support: Disabled
 NUMA Support: Disabled
 Compressed Oops: Enabled (32-bit)
 Heap Region Size: 1M
 Heap Min Capacity: 8M
 Heap Initial Capacity: 126M
 Heap Max Capacity: 1988M
 Pre-touch: Disabled
 Parallel Workers: 8
 Concurrent Workers: 2
 Concurrent Refinement Workers: 8
 Periodic GC: Disabled
Heap:
 garbage-first heap   total 61440K, used 43238K [0x0000000083c00000, 0x0000000100000000)
  region size 1024K, 22 young (22528K), 4 survivors (4096K)
 Metaspace       used 64404K, committed 64768K, reserved 1105920K
  class space    used 8545K, committed 8704K, reserved 1048576K
GC Heap History (20 events):
Event: 1.665 GC heap before
{Heap before GC invocations=2 (full 0):
 garbage-first heap   total 129024K, used 57324K [0x0000000083c00000, 0x0000000100000000)
  region size 1024K, 51 young (52224K), 2 survivors (2048K)
 Metaspace       used 21320K, committed 21504K, reserved 1073152K
  class space    used 2647K, committed 2752K, reserved 1048576K
}
Event: 1.671 GC heap after
{Heap after GC invocations=3 (full 0):
 garbage-first heap   total 129024K, used 12843K [0x0000000083c00000, 0x0000000100000000)
  region size 1024K, 6 young (6144K), 6 survivors (6144K)
 Metaspace       used 21320K, committed 21504K, reserved 1073152K
  class space    used 2647K, committed 2752K, reserved 1048576K
}
Event: 2.176 GC heap before
{Heap before GC invocations=4 (full 0):
 garbage-first heap   total 51200K, used 38443K [0x0000000083c00000, 0x0000000100000000)
  region size 1024K, 32 young (32768K), 6 survivors (6144K)
 Metaspace       used 26877K, committed 27200K, reserved 1073152K
  class space    used 3401K, committed 3584K, reserved 1048576K
}
Event: 2.189 GC heap after
{Heap after GC invocations=5 (full 0):
 garbage-first heap   total 51200K, used 15841K [0x0000000083c00000, 0x0000000100000000)
  region size 1024K, 7 young (7168K), 7 survivors (7168K)
 Metaspace       used 26877K, committed 27200K, reserved 1073152K
  class space    used 3401K, committed 3584K, reserved 1048576K
}
Event: 2.476 GC heap before
{Heap before GC invocations=5 (full 0):
 garbage-first heap   total 51200K, used 34273K [0x0000000083c00000, 0x0000000100000000)
  region size 1024K, 26 young (26624K), 7 survivors (7168K)
 Metaspace       used 31222K, committed 31616K, reserved 1081344K
  class space    used 4052K, committed 4224K, reserved 1048576K
}
Event: 2.480 GC heap after
{Heap after GC invocations=6 (full 0):
 garbage-first heap   total 51200K, used 17269K [0x0000000083c00000, 0x0000000100000000)
  region size 1024K, 2 young (2048K), 2 survivors (2048K)
 Metaspace       used 31222K, committed 31616K, reserved 1081344K
  class space    used 4052K, committed 4224K, reserved 1048576K
}
Event: 2.671 GC heap before
{Heap before GC invocations=6 (full 0):
 garbage-first heap   total 51200K, used 29557K [0x0000000083c00000, 0x0000000100000000)
  region size 1024K, 16 young (16384K), 2 survivors (2048K)
 Metaspace       used 35666K, committed 35968K, reserved 1081344K
  class space    used 4693K, committed 4864K, reserved 1048576K
}
Event: 2.673 GC heap after
{Heap after GC invocations=7 (full 0):
 garbage-first heap   total 51200K, used 18094K [0x0000000083c00000, 0x0000000100000000)
  region size 1024K, 3 young (3072K), 3 survivors (3072K)
 Metaspace       used 35666K, committed 35968K, reserved 1081344K
  class space    used 4693K, committed 4864K, reserved 1048576K
}
Event: 3.130 GC heap before
{Heap before GC invocations=8 (full 0):
 garbage-first heap   total 51200K, used 37550K [0x0000000083c00000, 0x0000000100000000)
  region size 1024K, 22 young (22528K), 3 survivors (3072K)
 Metaspace       used 42849K, committed 43200K, reserved 1089536K
  class space    used 5619K, committed 5760K, reserved 1048576K
}
Event: 3.133 GC heap after
{Heap after GC invocations=9 (full 0):
 garbage-first heap   total 51200K, used 19503K [0x0000000083c00000, 0x0000000100000000)
  region size 1024K, 3 young (3072K), 3 survivors (3072K)
 Metaspace       used 42849K, committed 43200K, reserved 1089536K
  class space    used 5619K, committed 5760K, reserved 1048576K
}
Event: 3.386 GC heap before
{Heap before GC invocations=10 (full 0):
 garbage-first heap   total 51200K, used 36911K [0x0000000083c00000, 0x0000000100000000)
  region size 1024K, 21 young (21504K), 3 survivors (3072K)
 Metaspace       used 46347K, committed 46656K, reserved 1097728K
  class space    used 6195K, committed 6336K, reserved 1048576K
}
Event: 3.390 GC heap after
{Heap after GC invocations=11 (full 0):
 garbage-first heap   total 51200K, used 20605K [0x0000000083c00000, 0x0000000100000000)
  region size 1024K, 3 young (3072K), 3 survivors (3072K)
 Metaspace       used 46347K, committed 46656K, reserved 1097728K
  class space    used 6195K, committed 6336K, reserved 1048576K
}
Event: 3.775 GC heap before
{Heap before GC invocations=11 (full 0):
 garbage-first heap   total 51200K, used 39037K [0x0000000083c00000, 0x0000000100000000)
  region size 1024K, 21 young (21504K), 3 survivors (3072K)
 Metaspace       used 49658K, committed 49984K, reserved 1097728K
  class space    used 6647K, committed 6784K, reserved 1048576K
}
Event: 3.778 GC heap after
{Heap after GC invocations=12 (full 0):
 garbage-first heap   total 61440K, used 21812K [0x0000000083c00000, 0x0000000100000000)
  region size 1024K, 3 young (3072K), 3 survivors (3072K)
 Metaspace       used 49658K, committed 49984K, reserved 1097728K
  class space    used 6647K, committed 6784K, reserved 1048576K
}
Event: 4.075 GC heap before
{Heap before GC invocations=12 (full 0):
 garbage-first heap   total 61440K, used 45364K [0x0000000083c00000, 0x0000000100000000)
  region size 1024K, 27 young (27648K), 3 survivors (3072K)
 Metaspace       used 53555K, committed 53952K, reserved 1097728K
  class space    used 7165K, committed 7360K, reserved 1048576K
}
Event: 4.078 GC heap after
{Heap after GC invocations=13 (full 0):
 garbage-first heap   total 61440K, used 23261K [0x0000000083c00000, 0x0000000100000000)
  region size 1024K, 3 young (3072K), 3 survivors (3072K)
 Metaspace       used 53555K, committed 53952K, reserved 1097728K
  class space    used 7165K, committed 7360K, reserved 1048576K
}
Event: 4.423 GC heap before
{Heap before GC invocations=13 (full 0):
 garbage-first heap   total 61440K, used 47837K [0x0000000083c00000, 0x0000000100000000)
  region size 1024K, 27 young (27648K), 3 survivors (3072K)
 Metaspace       used 56484K, committed 56896K, reserved 1105920K
  class space    used 7592K, committed 7808K, reserved 1048576K
}
Event: 4.427 GC heap after
{Heap after GC invocations=14 (full 0):
 garbage-first heap   total 61440K, used 25064K [0x0000000083c00000, 0x0000000100000000)
  region size 1024K, 4 young (4096K), 4 survivors (4096K)
 Metaspace       used 56484K, committed 56896K, reserved 1105920K
  class space    used 7592K, committed 7808K, reserved 1048576K
}
Event: 36.085 GC heap before
{Heap before GC invocations=14 (full 0):
 garbage-first heap   total 61440K, used 47592K [0x0000000083c00000, 0x0000000100000000)
  region size 1024K, 26 young (26624K), 4 survivors (4096K)
 Metaspace       used 60349K, committed 60800K, reserved 1105920K
  class space    used 8086K, committed 8320K, reserved 1048576K
}
Event: 36.090 GC heap after
{Heap after GC invocations=15 (full 0):
 garbage-first heap   total 61440K, used 26854K [0x0000000083c00000, 0x0000000100000000)
  region size 1024K, 4 young (4096K), 4 survivors (4096K)
 Metaspace       used 60349K, committed 60800K, reserved 1105920K
  class space    used 8086K, committed 8320K, reserved 1048576K
}

